[INFO] 13:01:59:937 CONSOLE/(19900:19900): as
[INFO] 13:02:02:440 CONSOLE/(19900:19900): asd
[INFO] 13:02:04:039 CONSOLE/(19900:19900): asd
[INFO] 13:02:11:212 CONSOLE/(19900:19900): Dino
[INFO] 13:02:25:788 CONSOLE/(20129:20129): asd
[INFO] 13:02:28:004 CONSOLE/(20129:20129): asdasdashvfasyhfbas
[INFO] 13:02:28:599 CONSOLE/(20129:20129): as
[INFO] 13:02:28:731 CONSOLE/(20129:20129): fas
[INFO] 13:02:28:901 CONSOLE/(20129:20129): as
[INFO] 13:02:29:060 CONSOLE/(20129:20129): as
[INFO] 13:02:29:226 CONSOLE/(20129:20129): asd
[INFO] 13:02:29:411 CONSOLE/(20129:20129): sa
[INFO] 13:02:30:602 CONSOLE/(20129:20129): d
[INFO] 13:02:53:750 CONSOLE/(20365:20365): dino
[INFO] 13:02:55:741 CONSOLE/(20365:20365): nahuel
[INFO] 13:02:57:732 CONSOLE/(20365:20365): nahuel
[INFO] 13:02:58:948 CONSOLE/(20365:20365): nahuel
[INFO] 13:03:00:435 CONSOLE/(20365:20365): nahuel
[INFO] 13:03:01:426 CONSOLE/(20365:20365): nahuel
[INFO] 13:03:20:233 CONSOLE/(20365:20365): dino
[INFO] 12:30:19:149 CONSOLE/(187198:187198): s
[INFO] 12:30:19:700 CONSOLE/(187198:187198): s
[INFO] 16:21:51:916 CONSOLE/(189469:189469): sds
[INFO] 16:57:20:111 CONSOLE/(189890:189890): }
[INFO] 18:56:02:119 CONSOLE/(190746:190746): test
